Using pre-set license
Built from '2020.2/release' branch; Version is '2020.2.2f1 (068178b99f32) revision 426360'; Using compiler version '192528614'; Build Type 'Release'
OS: 'Windows 10 Pro; OS build 22000.258; Version 2009; 64bit' Language: 'en' Physical Memory: 32645 MB
BatchMode: 1, IsHumanControllingUs: 0, StartBugReporterOnCrash: 0, Is64bit: 1, IsPro: 0

 COMMAND LINE ARGUMENTS:
C:\Program Files\Unity\Hub\Editor\2020.2.2f1\Editor\Unity.exe
-adb2
-batchMode
-noUpm
-name
AssetImportWorker0
-projectPath
E:/OneDrive - TAFE NSW/VR GITHUB/FairyDustVR
-logFile
Logs/AssetImportWorker0.log
-srvPort
58468
Successfully changed project path to: E:/OneDrive - TAFE NSW/VR GITHUB/FairyDustVR
E:/OneDrive - TAFE NSW/VR GITHUB/FairyDustVR
Using Asset Import Pipeline V2.
Refreshing native plugins compatible for Editor in 78.64 ms, found 3 plugins.
Preloading 0 native plugins for Editor in 0.00 ms.
Initialize engine version: 2020.2.2f1 (068178b99f32)
[Subsystems] Discovering subsystems at path C:/Program Files/Unity/Hub/Editor/2020.2.2f1/Editor/Data/Resources/UnitySubsystems
[Subsystems] Discovering subsystems at path E:/OneDrive - TAFE NSW/VR GITHUB/FairyDustVR/Assets
GfxDevice: creating device client; threaded=0
Direct3D:
    Version:  Direct3D 11.0 [level 11.1]
    Renderer: NVIDIA GeForce RTX 2070 with Max-Q Design (ID=0x1f50)
    Vendor:   
    VRAM:     8031 MB
    Driver:   27.21.14.6280
Shader 'Universal Render Pipeline/Particles/Lit': fallback shader 'Universal Render Pipeline/Particles/SimpleLit' not found
Initialize mono
Mono path[0] = 'C:/Program Files/Unity/Hub/Editor/2020.2.2f1/Editor/Data/Managed'
Mono path[1] = 'C:/Program Files/Unity/Hub/Editor/2020.2.2f1/Editor/Data/MonoBleedingEdge/lib/mono/unityjit'
Mono config path = 'C:/Program Files/Unity/Hub/Editor/2020.2.2f1/Editor/Data/MonoBleedingEdge/etc'
Using monoOptions --debugger-agent=transport=dt_socket,embedding=1,server=y,suspend=n,address=127.0.0.1:56628
Begin MonoManager ReloadAssembly
Registering precompiled unity dll's ...
Register platform support module: C:/Program Files/Unity/Hub/Editor/2020.2.2f1/Editor/Data/PlaybackEngines/WindowsStandaloneSupport/UnityEditor.WindowsStandalone.Extensions.dll
Registered in 0.001759 seconds.
Native extension for WindowsStandalone target not found
Refreshing native plugins compatible for Editor in 70.21 ms, found 3 plugins.
Preloading 0 native plugins for Editor in 0.00 ms.
Invoked RoslynAnalysisRunner static constructor.
RoslynAnalysisRunner will not be running.
RoslynAnalysisRunner has terminated.
Mono: successfully reloaded assembly
- Completed reload, in  2.971 seconds
Platform modules already initialized, skipping
Registering precompiled user dll's ...
Registered in 0.005656 seconds.
Begin MonoManager ReloadAssembly
Native extension for WindowsStandalone target not found
Refreshing native plugins compatible for Editor in 77.21 ms, found 3 plugins.
Preloading 0 native plugins for Editor in 0.00 ms.
Invoked RoslynAnalysisRunner static constructor.
RoslynAnalysisRunner will not be running.
RoslynAnalysisRunner has terminated.
Mono: successfully reloaded assembly
- Completed reload, in  1.459 seconds
Platform modules already initialized, skipping
========================================================================
Worker process is ready to serve import requests
Shader 'Universal Render Pipeline/Particles/Lit': fallback shader 'Universal Render Pipeline/Particles/SimpleLit' not found
Launched and connected shader compiler UnityShaderCompiler.exe after 0.06 seconds
Refreshing native plugins compatible for Editor in 1.20 ms, found 3 plugins.
Preloading 0 native plugins for Editor in 0.00 ms.
Unloading 2737 Unused Serialized files (Serialized files now loaded: 0)
System memory in use before: 129.3 MB.
System memory in use after: 129.5 MB.

Unloading 13 unused Assets to reduce memory usage. Loaded Objects now: 3198.
Total: 4.269100 ms (FindLiveObjects: 0.400900 ms CreateObjectMapping: 0.217800 ms MarkObjects: 3.432800 ms  DeleteObjects: 0.215700 ms)

========================================================================
Received Import Request.
  path: Assets/VR Framework/FairyDustVR/Scenes/FairyCircle.unity
  artifactKey: Guid(09055e12359a61b489067b9a929b62e3) Importer(815301076,1909f56bfc062723c751e8b465ee728b)
Start importing Assets/VR Framework/FairyDustVR/Scenes/FairyCircle.unity using Guid(09055e12359a61b489067b9a929b62e3) Importer(815301076,1909f56bfc062723c751e8b465ee728b)  -> (artifact id: 'fc351bcb128683cf2af09889b0e4f8bb') in 0.033476 seconds
  Import took 0.044007 seconds .

========================================================================
Received Import Request.
  Time since last request: 30.178678 seconds.
  path: Assets/VR Framework/FairyDustVR/Scenes/tree.FBX
  artifactKey: Guid(3f7f52e1fd719cd4cb4b10c66a4303d0) Importer(815301076,1909f56bfc062723c751e8b465ee728b)
Start importing Assets/VR Framework/FairyDustVR/Scenes/tree.FBX using Guid(3f7f52e1fd719cd4cb4b10c66a4303d0) Importer(815301076,1909f56bfc062723c751e8b465ee728b)  -> (artifact id: '4a049d51355543bb65bd94840e379e74') in 0.328564 seconds
  Import took 0.335159 seconds .

========================================================================
Received Import Request.
  Time since last request: 242.650125 seconds.
  path: Assets/VR Framework/FairyDustVR/Materials/NightTree.mat
  artifactKey: Guid(813e0c99b976a0e439af8da2f4c337c0) Importer(815301076,1909f56bfc062723c751e8b465ee728b)
Start importing Assets/VR Framework/FairyDustVR/Materials/NightTree.mat using Guid(813e0c99b976a0e439af8da2f4c337c0) Importer(815301076,1909f56bfc062723c751e8b465ee728b)  -> (artifact id: 'deee5ad6d303c9c681ca3d917e9ea158') in 0.029579 seconds
  Import took 0.039067 seconds .

========================================================================
Received Import Request.
  Time since last request: 32.573765 seconds.
  path: Assets/VR Framework/FairyDustVR/Materials/NightTree.mat
  artifactKey: Guid(813e0c99b976a0e439af8da2f4c337c0) Importer(815301076,1909f56bfc062723c751e8b465ee728b)
Start importing Assets/VR Framework/FairyDustVR/Materials/NightTree.mat using Guid(813e0c99b976a0e439af8da2f4c337c0) Importer(815301076,1909f56bfc062723c751e8b465ee728b)  -> (artifact id: 'b94f201daabdbfe6a004eac45de49a4b') in 0.020857 seconds
  Import took 0.029248 seconds .

========================================================================
Received Import Request.
  Time since last request: 253.608700 seconds.
  path: Assets/VR Framework/FairyDustVR/Scripts/ToggleTrees.cs
  artifactKey: Guid(3c909c64979ec6848b6958ca559b01de) Importer(815301076,1909f56bfc062723c751e8b465ee728b)
Start importing Assets/VR Framework/FairyDustVR/Scripts/ToggleTrees.cs using Guid(3c909c64979ec6848b6958ca559b01de) Importer(815301076,1909f56bfc062723c751e8b465ee728b)  -> (artifact id: '028ba8c85e9e48831b8a11d69f106b33') in 0.013207 seconds
  Import took 0.023541 seconds .

========================================================================
Received Prepare
Registering precompiled user dll's ...
Registered in 0.004759 seconds.
Begin MonoManager ReloadAssembly
Native extension for WindowsStandalone target not found
Refreshing native plugins compatible for Editor in 0.58 ms, found 3 plugins.
Preloading 0 native plugins for Editor in 0.00 ms.
Invoked RoslynAnalysisRunner static constructor.
RoslynAnalysisRunner will not be running.
RoslynAnalysisRunner has terminated.
Mono: successfully reloaded assembly
- Completed reload, in  1.128 seconds
Platform modules already initialized, skipping
Shader 'Universal Render Pipeline/Particles/Lit': fallback shader 'Universal Render Pipeline/Particles/SimpleLit' not found
Refreshing native plugins compatible for Editor in 0.61 ms, found 3 plugins.
Preloading 0 native plugins for Editor in 0.00 ms.
Unloading 2608 Unused Serialized files (Serialized files now loaded: 0)
System memory in use before: 130.0 MB.
System memory in use after: 130.2 MB.

Unloading 8 unused Assets to reduce memory usage. Loaded Objects now: 3283.
Total: 3.179700 ms (FindLiveObjects: 0.356700 ms CreateObjectMapping: 0.241500 ms MarkObjects: 2.550000 ms  DeleteObjects: 0.029600 ms)

========================================================================
Received Import Request.
  Time since last request: 82.608245 seconds.
  path: Assets/VR Framework/FairyDustVR/Materials/NightTree.mat
  artifactKey: Guid(813e0c99b976a0e439af8da2f4c337c0) Importer(815301076,1909f56bfc062723c751e8b465ee728b)
Start importing Assets/VR Framework/FairyDustVR/Materials/NightTree.mat using Guid(813e0c99b976a0e439af8da2f4c337c0) Importer(815301076,1909f56bfc062723c751e8b465ee728b)  -> (artifact id: '92198d7f025a10151678021dd434b608') in 0.225899 seconds
  Import took 0.234610 seconds .

========================================================================
Received Import Request.
  Time since last request: 66.479689 seconds.
  path: Assets/VR Framework/FairyDustVR/Materials/NightTree 1.mat
  artifactKey: Guid(1f56f581003a80a49aad1e8b44467ce5) Importer(815301076,1909f56bfc062723c751e8b465ee728b)
Start importing Assets/VR Framework/FairyDustVR/Materials/NightTree 1.mat using Guid(1f56f581003a80a49aad1e8b44467ce5) Importer(815301076,1909f56bfc062723c751e8b465ee728b)  -> (artifact id: 'f7aead64ac017e6877548a761d37f466') in 0.024054 seconds
  Import took 0.033364 seconds .

========================================================================
Received Prepare
Registering precompiled user dll's ...
Registered in 0.003416 seconds.
Begin MonoManager ReloadAssembly
Native extension for WindowsStandalone target not found
Refreshing native plugins compatible for Editor in 0.54 ms, found 3 plugins.
Preloading 0 native plugins for Editor in 0.00 ms.
Invoked RoslynAnalysisRunner static constructor.
RoslynAnalysisRunner will not be running.
RoslynAnalysisRunner has terminated.
Mono: successfully reloaded assembly
- Completed reload, in  0.992 seconds
Platform modules already initialized, skipping
Shader 'Universal Render Pipeline/Particles/Lit': fallback shader 'Universal Render Pipeline/Particles/SimpleLit' not found
Refreshing native plugins compatible for Editor in 0.62 ms, found 3 plugins.
Preloading 0 native plugins for Editor in 0.00 ms.
Unloading 2608 Unused Serialized files (Serialized files now loaded: 0)
System memory in use before: 129.1 MB.
System memory in use after: 129.4 MB.

Unloading 8 unused Assets to reduce memory usage. Loaded Objects now: 3322.
Total: 3.438600 ms (FindLiveObjects: 0.502300 ms CreateObjectMapping: 0.218200 ms MarkObjects: 2.697900 ms  DeleteObjects: 0.018600 ms)

========================================================================
Received Import Request.
  Time since last request: 242.708136 seconds.
  path: Assets/VR Framework/FairyDustVR/Scripts/ToggleTrees.cs
  artifactKey: Guid(3c909c64979ec6848b6958ca559b01de) Importer(815301076,1909f56bfc062723c751e8b465ee728b)
Start importing Assets/VR Framework/FairyDustVR/Scripts/ToggleTrees.cs using Guid(3c909c64979ec6848b6958ca559b01de) Importer(815301076,1909f56bfc062723c751e8b465ee728b)  -> (artifact id: '2b074549f615478f5ba9285f0fe3f668') in 0.012266 seconds
  Import took 0.020893 seconds .

========================================================================
Received Prepare
Registering precompiled user dll's ...
Registered in 0.004470 seconds.
Begin MonoManager ReloadAssembly
Native extension for WindowsStandalone target not found
Refreshing native plugins compatible for Editor in 0.59 ms, found 3 plugins.
Preloading 0 native plugins for Editor in 0.00 ms.
Invoked RoslynAnalysisRunner static constructor.
RoslynAnalysisRunner will not be running.
RoslynAnalysisRunner has terminated.
Mono: successfully reloaded assembly
- Completed reload, in  1.326 seconds
Platform modules already initialized, skipping
Shader 'Universal Render Pipeline/Particles/Lit': fallback shader 'Universal Render Pipeline/Particles/SimpleLit' not found
Refreshing native plugins compatible for Editor in 0.55 ms, found 3 plugins.
Preloading 0 native plugins for Editor in 0.00 ms.
Unloading 2607 Unused Serialized files (Serialized files now loaded: 0)
System memory in use before: 129.1 MB.
System memory in use after: 129.4 MB.

Unloading 9 unused Assets to reduce memory usage. Loaded Objects now: 3324.
Total: 2.916800 ms (FindLiveObjects: 0.318100 ms CreateObjectMapping: 0.155700 ms MarkObjects: 2.422900 ms  DeleteObjects: 0.019100 ms)

========================================================================
Received Import Request.
  Time since last request: 24.483177 seconds.
  path: Assets/VR Framework/FairyDustVR/Scripts/DayNight/LightingPreset.cs
  artifactKey: Guid(a42d37f329700bd45975913b4e14fd96) Importer(815301076,1909f56bfc062723c751e8b465ee728b)
Start importing Assets/VR Framework/FairyDustVR/Scripts/DayNight/LightingPreset.cs using Guid(a42d37f329700bd45975913b4e14fd96) Importer(815301076,1909f56bfc062723c751e8b465ee728b)  -> (artifact id: 'e63eb5c18328229dfa2dd591e04949cb') in 0.016203 seconds
  Import took 0.025692 seconds .

========================================================================
Received Prepare
Registering precompiled user dll's ...
Registered in 0.003910 seconds.
Begin MonoManager ReloadAssembly
Native extension for WindowsStandalone target not found
Refreshing native plugins compatible for Editor in 0.67 ms, found 3 plugins.
Preloading 0 native plugins for Editor in 0.00 ms.
Invoked RoslynAnalysisRunner static constructor.
RoslynAnalysisRunner will not be running.
RoslynAnalysisRunner has terminated.
Mono: successfully reloaded assembly
- Completed reload, in  1.272 seconds
Platform modules already initialized, skipping
Shader 'Universal Render Pipeline/Particles/Lit': fallback shader 'Universal Render Pipeline/Particles/SimpleLit' not found
Refreshing native plugins compatible for Editor in 1.16 ms, found 3 plugins.
Preloading 0 native plugins for Editor in 0.00 ms.
Unloading 2605 Unused Serialized files (Serialized files now loaded: 0)
System memory in use before: 129.1 MB.
System memory in use after: 129.3 MB.

Unloading 10 unused Assets to reduce memory usage. Loaded Objects now: 3325.
Total: 3.292300 ms (FindLiveObjects: 0.580600 ms CreateObjectMapping: 0.297900 ms MarkObjects: 2.386500 ms  DeleteObjects: 0.025400 ms)

========================================================================
Received Import Request.
  Time since last request: 25.363582 seconds.
  path: Assets/VR Framework/FairyDustVR/Scripts/DayNight/FadeObject.cs
  artifactKey: Guid(3a2758b4fa398634d9f033a47b5b71a2) Importer(815301076,1909f56bfc062723c751e8b465ee728b)
Start importing Assets/VR Framework/FairyDustVR/Scripts/DayNight/FadeObject.cs using Guid(3a2758b4fa398634d9f033a47b5b71a2) Importer(815301076,1909f56bfc062723c751e8b465ee728b)  -> (artifact id: 'f2b8604e411247f3cb1da94a2bda3cc4') in 0.014949 seconds
  Import took 0.025417 seconds .

========================================================================
Received Prepare
Registering precompiled user dll's ...
Registered in 0.003592 seconds.
Begin MonoManager ReloadAssembly
Native extension for WindowsStandalone target not found
Refreshing native plugins compatible for Editor in 0.69 ms, found 3 plugins.
Preloading 0 native plugins for Editor in 0.00 ms.
Invoked RoslynAnalysisRunner static constructor.
RoslynAnalysisRunner will not be running.
RoslynAnalysisRunner has terminated.
Mono: successfully reloaded assembly
- Completed reload, in  1.110 seconds
Platform modules already initialized, skipping
Shader 'Universal Render Pipeline/Particles/Lit': fallback shader 'Universal Render Pipeline/Particles/SimpleLit' not found
Refreshing native plugins compatible for Editor in 0.60 ms, found 3 plugins.
Preloading 0 native plugins for Editor in 0.00 ms.
Unloading 2606 Unused Serialized files (Serialized files now loaded: 0)
System memory in use before: 129.1 MB.
System memory in use after: 129.4 MB.

Unloading 8 unused Assets to reduce memory usage. Loaded Objects now: 3329.
Total: 3.362600 ms (FindLiveObjects: 0.462700 ms CreateObjectMapping: 0.260200 ms MarkObjects: 2.618000 ms  DeleteObjects: 0.019900 ms)

========================================================================
Received Import Request.
  Time since last request: 301.460494 seconds.
  path: Assets/VR Framework/FairyDustVR/Scripts/DayNight/FadeObject.cs
  artifactKey: Guid(3a2758b4fa398634d9f033a47b5b71a2) Importer(815301076,1909f56bfc062723c751e8b465ee728b)
Start importing Assets/VR Framework/FairyDustVR/Scripts/DayNight/FadeObject.cs using Guid(3a2758b4fa398634d9f033a47b5b71a2) Importer(815301076,1909f56bfc062723c751e8b465ee728b)  -> (artifact id: '6f641e565a4cf6984496417af8415f05') in 0.011127 seconds
  Import took 0.022356 seconds .

========================================================================
Received Import Request.
  Time since last request: 0.185304 seconds.
  path: Assets/VR Framework/FairyDustVR/Scripts/DayNight/FadeObject.cs
  artifactKey: Guid(3a2758b4fa398634d9f033a47b5b71a2) Importer(815301076,1909f56bfc062723c751e8b465ee728b)
Start importing Assets/VR Framework/FairyDustVR/Scripts/DayNight/FadeObject.cs using Guid(3a2758b4fa398634d9f033a47b5b71a2) Importer(815301076,1909f56bfc062723c751e8b465ee728b)  -> (artifact id: '6f641e565a4cf6984496417af8415f05') in 0.005212 seconds
  Import took 0.014604 seconds .

========================================================================
Received Prepare
Registering precompiled user dll's ...
Registered in 0.003275 seconds.
Begin MonoManager ReloadAssembly
Native extension for WindowsStandalone target not found
Refreshing native plugins compatible for Editor in 0.72 ms, found 3 plugins.
Preloading 0 native plugins for Editor in 0.00 ms.
Invoked RoslynAnalysisRunner static constructor.
RoslynAnalysisRunner will not be running.
RoslynAnalysisRunner has terminated.
Mono: successfully reloaded assembly
- Completed reload, in  0.985 seconds
Platform modules already initialized, skipping
Shader 'Universal Render Pipeline/Particles/Lit': fallback shader 'Universal Render Pipeline/Particles/SimpleLit' not found
Refreshing native plugins compatible for Editor in 0.92 ms, found 3 plugins.
Preloading 0 native plugins for Editor in 0.00 ms.
Unloading 2606 Unused Serialized files (Serialized files now loaded: 0)
System memory in use before: 129.2 MB.
System memory in use after: 129.4 MB.

Unloading 8 unused Assets to reduce memory usage. Loaded Objects now: 3332.
Total: 2.489500 ms (FindLiveObjects: 0.423100 ms CreateObjectMapping: 0.163600 ms MarkObjects: 1.885300 ms  DeleteObjects: 0.016400 ms)

========================================================================
Received Import Request.
  Time since last request: 13.883601 seconds.
  path: Assets/VR Framework/FairyDustVR/Scripts/DayNight/FadeObject.cs
  artifactKey: Guid(3a2758b4fa398634d9f033a47b5b71a2) Importer(815301076,1909f56bfc062723c751e8b465ee728b)
Start importing Assets/VR Framework/FairyDustVR/Scripts/DayNight/FadeObject.cs using Guid(3a2758b4fa398634d9f033a47b5b71a2) Importer(815301076,1909f56bfc062723c751e8b465ee728b)  -> (artifact id: 'ca095b48bcc87d86af9a21a70ad78459') in 0.008836 seconds
  Import took 0.018707 seconds .

========================================================================
Received Prepare
Registering precompiled user dll's ...
Registered in 0.003943 seconds.
Begin MonoManager ReloadAssembly
Native extension for WindowsStandalone target not found
Refreshing native plugins compatible for Editor in 0.61 ms, found 3 plugins.
Preloading 0 native plugins for Editor in 0.00 ms.
Invoked RoslynAnalysisRunner static constructor.
RoslynAnalysisRunner will not be running.
RoslynAnalysisRunner has terminated.
Mono: successfully reloaded assembly
- Completed reload, in  1.298 seconds
Platform modules already initialized, skipping
Shader 'Universal Render Pipeline/Particles/Lit': fallback shader 'Universal Render Pipeline/Particles/SimpleLit' not found
Refreshing native plugins compatible for Editor in 0.69 ms, found 3 plugins.
Preloading 0 native plugins for Editor in 0.00 ms.
Unloading 2606 Unused Serialized files (Serialized files now loaded: 0)
System memory in use before: 129.3 MB.
System memory in use after: 129.5 MB.

Unloading 8 unused Assets to reduce memory usage. Loaded Objects now: 3335.
Total: 2.947800 ms (FindLiveObjects: 0.289900 ms CreateObjectMapping: 0.141700 ms MarkObjects: 2.489500 ms  DeleteObjects: 0.024900 ms)

========================================================================
Received Prepare
Registering precompiled user dll's ...
Registered in 0.003552 seconds.
Begin MonoManager ReloadAssembly
Native extension for WindowsStandalone target not found
Refreshing native plugins compatible for Editor in 0.72 ms, found 3 plugins.
Preloading 0 native plugins for Editor in 0.00 ms.
Invoked RoslynAnalysisRunner static constructor.
RoslynAnalysisRunner will not be running.
RoslynAnalysisRunner has terminated.
Mono: successfully reloaded assembly
- Completed reload, in  1.630 seconds
Platform modules already initialized, skipping
Shader 'Universal Render Pipeline/Particles/Lit': fallback shader 'Universal Render Pipeline/Particles/SimpleLit' not found
Refreshing native plugins compatible for Editor in 1.13 ms, found 3 plugins.
Preloading 0 native plugins for Editor in 0.00 ms.
Unloading 2606 Unused Serialized files (Serialized files now loaded: 0)
System memory in use before: 128.9 MB.
System memory in use after: 129.1 MB.

Unloading 8 unused Assets to reduce memory usage. Loaded Objects now: 3338.
Total: 4.431600 ms (FindLiveObjects: 0.547300 ms CreateObjectMapping: 0.279000 ms MarkObjects: 3.579300 ms  DeleteObjects: 0.024100 ms)

========================================================================
Received Import Request.
  Time since last request: 200.443121 seconds.
  path: Assets/VR Framework/FairyDustVR/Scripts/FakePlayer.cs
  artifactKey: Guid(862c72736348d7f4fb5f1da6d1baa7be) Importer(815301076,1909f56bfc062723c751e8b465ee728b)
Start importing Assets/VR Framework/FairyDustVR/Scripts/FakePlayer.cs using Guid(862c72736348d7f4fb5f1da6d1baa7be) Importer(815301076,1909f56bfc062723c751e8b465ee728b)  -> (artifact id: '8809a1690b204c530bd2443f654744d6') in 0.014579 seconds
  Import took 0.022836 seconds .

========================================================================
Received Import Request.
  Time since last request: 0.018264 seconds.
  path: Assets/VR Framework/FairyDustVR/Scripts/FakePlayer.cs
  artifactKey: Guid(862c72736348d7f4fb5f1da6d1baa7be) Importer(815301076,1909f56bfc062723c751e8b465ee728b)
Start importing Assets/VR Framework/FairyDustVR/Scripts/FakePlayer.cs using Guid(862c72736348d7f4fb5f1da6d1baa7be) Importer(815301076,1909f56bfc062723c751e8b465ee728b)  -> (artifact id: '8809a1690b204c530bd2443f654744d6') in 0.028300 seconds
  Import took 0.036724 seconds .

========================================================================
Received Import Request.
  Time since last request: 18.927798 seconds.
  path: Assets/VR Framework/FairyDustVR/Scenes/StartScene.unity
  artifactKey: Guid(9fc0d4010bbf28b4594072e72b8655ab) Importer(815301076,1909f56bfc062723c751e8b465ee728b)
Start importing Assets/VR Framework/FairyDustVR/Scenes/StartScene.unity using Guid(9fc0d4010bbf28b4594072e72b8655ab) Importer(815301076,1909f56bfc062723c751e8b465ee728b)  -> (artifact id: '69aadcecfae259187847cd2640349b7d') in 0.019682 seconds
  Import took 0.026648 seconds .

========================================================================
Received Import Request.
  Time since last request: 10.969054 seconds.
  path: Assets/VR Framework/FairyDustVR/Scenes/FairyCircle.unity
  artifactKey: Guid(09055e12359a61b489067b9a929b62e3) Importer(815301076,1909f56bfc062723c751e8b465ee728b)
Start importing Assets/VR Framework/FairyDustVR/Scenes/FairyCircle.unity using Guid(09055e12359a61b489067b9a929b62e3) Importer(815301076,1909f56bfc062723c751e8b465ee728b)  -> (artifact id: 'f76c39d191e864b0007504ae304cd95e') in 0.005287 seconds
  Import took 0.013245 seconds .

========================================================================
Received Prepare
Registering precompiled user dll's ...
Registered in 0.004366 seconds.
Begin MonoManager ReloadAssembly
Native extension for WindowsStandalone target not found
Refreshing native plugins compatible for Editor in 0.58 ms, found 3 plugins.
Preloading 0 native plugins for Editor in 0.00 ms.
Invoked RoslynAnalysisRunner static constructor.
RoslynAnalysisRunner will not be running.
RoslynAnalysisRunner has terminated.
Mono: successfully reloaded assembly
- Completed reload, in  1.244 seconds
Platform modules already initialized, skipping
Shader 'Universal Render Pipeline/Particles/Lit': fallback shader 'Universal Render Pipeline/Particles/SimpleLit' not found
Refreshing native plugins compatible for Editor in 0.66 ms, found 3 plugins.
Preloading 0 native plugins for Editor in 0.00 ms.
Unloading 2606 Unused Serialized files (Serialized files now loaded: 0)
System memory in use before: 129.2 MB.
System memory in use after: 129.4 MB.

Unloading 8 unused Assets to reduce memory usage. Loaded Objects now: 3341.
Total: 3.796800 ms (FindLiveObjects: 0.315400 ms CreateObjectMapping: 0.150100 ms MarkObjects: 3.307500 ms  DeleteObjects: 0.022100 ms)

========================================================================
Received Prepare
Registering precompiled user dll's ...
Registered in 0.004463 seconds.
Begin MonoManager ReloadAssembly
Native extension for WindowsStandalone target not found
Refreshing native plugins compatible for Editor in 1.17 ms, found 3 plugins.
Preloading 0 native plugins for Editor in 0.00 ms.
Invoked RoslynAnalysisRunner static constructor.
RoslynAnalysisRunner will not be running.
RoslynAnalysisRunner has terminated.
Mono: successfully reloaded assembly
- Completed reload, in  1.540 seconds
Platform modules already initialized, skipping
Shader 'Universal Render Pipeline/Particles/Lit': fallback shader 'Universal Render Pipeline/Particles/SimpleLit' not found
Refreshing native plugins compatible for Editor in 0.60 ms, found 3 plugins.
Preloading 0 native plugins for Editor in 0.00 ms.
Unloading 2606 Unused Serialized files (Serialized files now loaded: 0)
System memory in use before: 129.2 MB.
System memory in use after: 129.4 MB.

Unloading 8 unused Assets to reduce memory usage. Loaded Objects now: 3344.
Total: 3.309700 ms (FindLiveObjects: 0.414700 ms CreateObjectMapping: 0.195700 ms MarkObjects: 2.680700 ms  DeleteObjects: 0.017200 ms)

========================================================================
Received Prepare
Registering precompiled user dll's ...
Registered in 0.003834 seconds.
Begin MonoManager ReloadAssembly
Native extension for WindowsStandalone target not found
Refreshing native plugins compatible for Editor in 0.67 ms, found 3 plugins.
Preloading 0 native plugins for Editor in 0.00 ms.
Invoked RoslynAnalysisRunner static constructor.
RoslynAnalysisRunner will not be running.
RoslynAnalysisRunner has terminated.
Mono: successfully reloaded assembly
- Completed reload, in  1.445 seconds
Platform modules already initialized, skipping
Shader 'Universal Render Pipeline/Particles/Lit': fallback shader 'Universal Render Pipeline/Particles/SimpleLit' not found
Refreshing native plugins compatible for Editor in 0.66 ms, found 3 plugins.
Preloading 0 native plugins for Editor in 0.00 ms.
Unloading 2606 Unused Serialized files (Serialized files now loaded: 0)
System memory in use before: 128.9 MB.
System memory in use after: 129.1 MB.

Unloading 8 unused Assets to reduce memory usage. Loaded Objects now: 3347.
Total: 3.456000 ms (FindLiveObjects: 0.368600 ms CreateObjectMapping: 0.182800 ms MarkObjects: 2.840700 ms  DeleteObjects: 0.062100 ms)

========================================================================
Received Import Request.
  Time since last request: 895.591702 seconds.
  path: Assets/VR Framework/FairyDustVR/Scripts/DayNight/FadeObject.cs
  artifactKey: Guid(3a2758b4fa398634d9f033a47b5b71a2) Importer(815301076,1909f56bfc062723c751e8b465ee728b)
Start importing Assets/VR Framework/FairyDustVR/Scripts/DayNight/FadeObject.cs using Guid(3a2758b4fa398634d9f033a47b5b71a2) Importer(815301076,1909f56bfc062723c751e8b465ee728b)  -> (artifact id: '2a0ee5dbd8b9b1120be20784720dbdfd') in 0.009735 seconds
  Import took 0.019805 seconds .

========================================================================
Received Prepare
Registering precompiled user dll's ...
Registered in 0.004499 seconds.
Begin MonoManager ReloadAssembly
Native extension for WindowsStandalone target not found
Refreshing native plugins compatible for Editor in 0.81 ms, found 3 plugins.
Preloading 0 native plugins for Editor in 0.00 ms.
Invoked RoslynAnalysisRunner static constructor.
RoslynAnalysisRunner will not be running.
RoslynAnalysisRunner has terminated.
Mono: successfully reloaded assembly
- Completed reload, in  1.312 seconds
Platform modules already initialized, skipping
Shader 'Universal Render Pipeline/Particles/Lit': fallback shader 'Universal Render Pipeline/Particles/SimpleLit' not found
Refreshing native plugins compatible for Editor in 0.64 ms, found 3 plugins.
Preloading 0 native plugins for Editor in 0.00 ms.
Unloading 2606 Unused Serialized files (Serialized files now loaded: 0)
System memory in use before: 129.2 MB.
System memory in use after: 129.4 MB.

Unloading 8 unused Assets to reduce memory usage. Loaded Objects now: 3350.
Total: 3.527700 ms (FindLiveObjects: 0.582400 ms CreateObjectMapping: 0.215900 ms MarkObjects: 2.655100 ms  DeleteObjects: 0.064100 ms)

========================================================================
Received Prepare
Registering precompiled user dll's ...
Registered in 0.003895 seconds.
Begin MonoManager ReloadAssembly
Native extension for WindowsStandalone target not found
Refreshing native plugins compatible for Editor in 0.73 ms, found 3 plugins.
Preloading 0 native plugins for Editor in 0.00 ms.
Invoked RoslynAnalysisRunner static constructor.
RoslynAnalysisRunner will not be running.
RoslynAnalysisRunner has terminated.
Mono: successfully reloaded assembly
- Completed reload, in  1.474 seconds
Platform modules already initialized, skipping
Shader 'Universal Render Pipeline/Particles/Lit': fallback shader 'Universal Render Pipeline/Particles/SimpleLit' not found
Refreshing native plugins compatible for Editor in 1.21 ms, found 3 plugins.
Preloading 0 native plugins for Editor in 0.00 ms.
Unloading 2606 Unused Serialized files (Serialized files now loaded: 0)
System memory in use before: 128.9 MB.
System memory in use after: 129.2 MB.

Unloading 8 unused Assets to reduce memory usage. Loaded Objects now: 3353.
Total: 3.877900 ms (FindLiveObjects: 0.610600 ms CreateObjectMapping: 0.394900 ms MarkObjects: 2.849900 ms  DeleteObjects: 0.020700 ms)

========================================================================
Received Prepare
Registering precompiled user dll's ...
Registered in 0.004304 seconds.
Begin MonoManager ReloadAssembly
Native extension for WindowsStandalone target not found
Refreshing native plugins compatible for Editor in 0.69 ms, found 3 plugins.
Preloading 0 native plugins for Editor in 0.00 ms.
Invoked RoslynAnalysisRunner static constructor.
RoslynAnalysisRunner will not be running.
RoslynAnalysisRunner has terminated.
Mono: successfully reloaded assembly
- Completed reload, in  1.590 seconds
Platform modules already initialized, skipping
Shader 'Universal Render Pipeline/Particles/Lit': fallback shader 'Universal Render Pipeline/Particles/SimpleLit' not found
Refreshing native plugins compatible for Editor in 0.64 ms, found 3 plugins.
Preloading 0 native plugins for Editor in 0.00 ms.
Unloading 2606 Unused Serialized files (Serialized files now loaded: 0)
System memory in use before: 129.2 MB.
System memory in use after: 129.4 MB.

Unloading 8 unused Assets to reduce memory usage. Loaded Objects now: 3356.
Total: 3.184300 ms (FindLiveObjects: 0.385300 ms CreateObjectMapping: 0.179200 ms MarkObjects: 2.597000 ms  DeleteObjects: 0.021000 ms)

========================================================================
Received Prepare
Registering precompiled user dll's ...
Registered in 0.003451 seconds.
Begin MonoManager ReloadAssembly
Native extension for WindowsStandalone target not found
Refreshing native plugins compatible for Editor in 0.60 ms, found 3 plugins.
Preloading 0 native plugins for Editor in 0.00 ms.
Invoked RoslynAnalysisRunner static constructor.
RoslynAnalysisRunner will not be running.
RoslynAnalysisRunner has terminated.
Mono: successfully reloaded assembly
- Completed reload, in  1.281 seconds
Platform modules already initialized, skipping
Shader 'Universal Render Pipeline/Particles/Lit': fallback shader 'Universal Render Pipeline/Particles/SimpleLit' not found
Refreshing native plugins compatible for Editor in 1.00 ms, found 3 plugins.
Preloading 0 native plugins for Editor in 0.00 ms.
Unloading 2606 Unused Serialized files (Serialized files now loaded: 0)
System memory in use before: 128.9 MB.
System memory in use after: 129.2 MB.

Unloading 8 unused Assets to reduce memory usage. Loaded Objects now: 3359.
Total: 3.408100 ms (FindLiveObjects: 0.572200 ms CreateObjectMapping: 0.276200 ms MarkObjects: 2.536900 ms  DeleteObjects: 0.020700 ms)

========================================================================
Received Prepare
Registering precompiled user dll's ...
Registered in 0.003748 seconds.
Begin MonoManager ReloadAssembly
Native extension for WindowsStandalone target not found
Refreshing native plugins compatible for Editor in 0.97 ms, found 3 plugins.
Preloading 0 native plugins for Editor in 0.00 ms.
Invoked RoslynAnalysisRunner static constructor.
RoslynAnalysisRunner will not be running.
RoslynAnalysisRunner has terminated.
Mono: successfully reloaded assembly
- Completed reload, in  1.272 seconds
Platform modules already initialized, skipping
Shader 'Universal Render Pipeline/Particles/Lit': fallback shader 'Universal Render Pipeline/Particles/SimpleLit' not found
Refreshing native plugins compatible for Editor in 0.86 ms, found 3 plugins.
Preloading 0 native plugins for Editor in 0.00 ms.
Unloading 2606 Unused Serialized files (Serialized files now loaded: 0)
System memory in use before: 129.4 MB.
System memory in use after: 129.6 MB.

Unloading 8 unused Assets to reduce memory usage. Loaded Objects now: 3362.
Total: 3.567100 ms (FindLiveObjects: 0.433300 ms CreateObjectMapping: 0.265300 ms MarkObjects: 2.840300 ms  DeleteObjects: 0.026400 ms)

========================================================================
Received Prepare
Registering precompiled user dll's ...
Registered in 0.003997 seconds.
Begin MonoManager ReloadAssembly
Native extension for WindowsStandalone target not found
Refreshing native plugins compatible for Editor in 0.81 ms, found 3 plugins.
Preloading 0 native plugins for Editor in 0.00 ms.
Invoked RoslynAnalysisRunner static constructor.
RoslynAnalysisRunner will not be running.
RoslynAnalysisRunner has terminated.
Mono: successfully reloaded assembly
- Completed reload, in  1.388 seconds
Platform modules already initialized, skipping
Shader 'Universal Render Pipeline/Particles/Lit': fallback shader 'Universal Render Pipeline/Particles/SimpleLit' not found
Refreshing native plugins compatible for Editor in 0.99 ms, found 3 plugins.
Preloading 0 native plugins for Editor in 0.00 ms.
Unloading 2606 Unused Serialized files (Serialized files now loaded: 0)
System memory in use before: 129.0 MB.
System memory in use after: 129.2 MB.

Unloading 8 unused Assets to reduce memory usage. Loaded Objects now: 3365.
Total: 4.302700 ms (FindLiveObjects: 0.416100 ms CreateObjectMapping: 0.277500 ms MarkObjects: 3.585700 ms  DeleteObjects: 0.021500 ms)

========================================================================
Received Prepare
Registering precompiled user dll's ...
Registered in 0.004368 seconds.
Begin MonoManager ReloadAssembly
Native extension for WindowsStandalone target not found
Refreshing native plugins compatible for Editor in 0.71 ms, found 3 plugins.
Preloading 0 native plugins for Editor in 0.00 ms.
Invoked RoslynAnalysisRunner static constructor.
RoslynAnalysisRunner will not be running.
RoslynAnalysisRunner has terminated.
Mono: successfully reloaded assembly
- Completed reload, in  1.514 seconds
Platform modules already initialized, skipping
Shader 'Universal Render Pipeline/Particles/Lit': fallback shader 'Universal Render Pipeline/Particles/SimpleLit' not found
Refreshing native plugins compatible for Editor in 1.15 ms, found 3 plugins.
Preloading 0 native plugins for Editor in 0.00 ms.
Unloading 2606 Unused Serialized files (Serialized files now loaded: 0)
System memory in use before: 129.2 MB.
System memory in use after: 129.5 MB.

Unloading 8 unused Assets to reduce memory usage. Loaded Objects now: 3368.
Total: 4.108800 ms (FindLiveObjects: 0.547200 ms CreateObjectMapping: 0.267400 ms MarkObjects: 3.267400 ms  DeleteObjects: 0.025300 ms)

========================================================================
Received Import Request.
  Time since last request: 1191.304782 seconds.
  path: Assets/VR Framework/FairyDustVR/Shaders
  artifactKey: Guid(f021b1beab6663d47968495200db56b2) Importer(815301076,1909f56bfc062723c751e8b465ee728b)
Start importing Assets/VR Framework/FairyDustVR/Shaders using Guid(f021b1beab6663d47968495200db56b2) Importer(815301076,1909f56bfc062723c751e8b465ee728b)  -> (artifact id: '60c8a528e993f56b4a8fe994331e113f') in 0.016562 seconds
  Import took 0.024736 seconds .

========================================================================
Received Import Request.
  Time since last request: 12.950357 seconds.
  path: Assets/VR Framework/FairyDustVR/Shaders/CloudShader.shadergraph
  artifactKey: Guid(84ed0ea4573fff142b81480654aab1ed) Importer(815301076,1909f56bfc062723c751e8b465ee728b)
Start importing Assets/VR Framework/FairyDustVR/Shaders/CloudShader.shadergraph using Guid(84ed0ea4573fff142b81480654aab1ed) Importer(815301076,1909f56bfc062723c751e8b465ee728b)  -> (artifact id: '4ae9d894e9c760288961e9d7c69720a6') in 0.028654 seconds
  Import took 0.036454 seconds .

========================================================================
Received Import Request.
  Time since last request: 0.655860 seconds.
  path: Assets/VR Framework/FairyDustVR/Shaders/CloudShader.shadergraph
  artifactKey: Guid(84ed0ea4573fff142b81480654aab1ed) Importer(815301076,1909f56bfc062723c751e8b465ee728b)
Start importing Assets/VR Framework/FairyDustVR/Shaders/CloudShader.shadergraph using Guid(84ed0ea4573fff142b81480654aab1ed) Importer(815301076,1909f56bfc062723c751e8b465ee728b)  -> (artifact id: '4ae9d894e9c760288961e9d7c69720a6') in 0.006571 seconds
  Import took 0.014949 seconds .

========================================================================
Received Import Request.
  Time since last request: 178.879405 seconds.
  path: Assets/VR Framework/FairyDustVR/Shaders/CloudShader.shadergraph
  artifactKey: Guid(84ed0ea4573fff142b81480654aab1ed) Importer(815301076,1909f56bfc062723c751e8b465ee728b)
Start importing Assets/VR Framework/FairyDustVR/Shaders/CloudShader.shadergraph using Guid(84ed0ea4573fff142b81480654aab1ed) Importer(815301076,1909f56bfc062723c751e8b465ee728b)  -> (artifact id: 'c010c70016c4b30c8fe806f211df002f') in 0.006150 seconds
  Import took 0.012605 seconds .

========================================================================
Received Import Request.
  Time since last request: 12.099554 seconds.
  path: Assets/VR Framework/FairyDustVR/Shaders/CloudShaderMaterial.mat
  artifactKey: Guid(0646e6fb2d7c39c47a6bb537913d8b6f) Importer(815301076,1909f56bfc062723c751e8b465ee728b)
Start importing Assets/VR Framework/FairyDustVR/Shaders/CloudShaderMaterial.mat using Guid(0646e6fb2d7c39c47a6bb537913d8b6f) Importer(815301076,1909f56bfc062723c751e8b465ee728b)  -> (artifact id: '0cfe72b3c3e3c8613e59ea30ceb7b726') in 0.277844 seconds
  Import took 0.287212 seconds .

========================================================================
Received Import Request.
  Time since last request: 37.973789 seconds.
  path: Assets/VR Framework/FairyDustVR/Shaders/CloudShader.shadergraph
  artifactKey: Guid(84ed0ea4573fff142b81480654aab1ed) Importer(815301076,1909f56bfc062723c751e8b465ee728b)
Start importing Assets/VR Framework/FairyDustVR/Shaders/CloudShader.shadergraph using Guid(84ed0ea4573fff142b81480654aab1ed) Importer(815301076,1909f56bfc062723c751e8b465ee728b)  -> (artifact id: 'e69f1d140bfc36e38c2c120271d133fe') in 0.010336 seconds
  Import took 0.016064 seconds .

========================================================================
Received Import Request.
  Time since last request: 0.006674 seconds.
  path: Assets/VR Framework/FairyDustVR/Shaders/CloudShader.shadergraph
  artifactKey: Guid(84ed0ea4573fff142b81480654aab1ed) Importer(815301076,1909f56bfc062723c751e8b465ee728b)
Start importing Assets/VR Framework/FairyDustVR/Shaders/CloudShader.shadergraph using Guid(84ed0ea4573fff142b81480654aab1ed) Importer(815301076,1909f56bfc062723c751e8b465ee728b)  -> (artifact id: 'e69f1d140bfc36e38c2c120271d133fe') in 0.006774 seconds
  Import took 0.012432 seconds .

========================================================================
Received Import Request.
  Time since last request: 10.283706 seconds.
  path: Assets/VR Framework/FairyDustVR/Shaders/CloudMaterial.mat
  artifactKey: Guid(86809bd1b2703844d8ac39142798f48b) Importer(815301076,1909f56bfc062723c751e8b465ee728b)
Start importing Assets/VR Framework/FairyDustVR/Shaders/CloudMaterial.mat using Guid(86809bd1b2703844d8ac39142798f48b) Importer(815301076,1909f56bfc062723c751e8b465ee728b)  -> (artifact id: '2bdf610dc1ecd4d5dfe9718bfae0a853') in 0.050289 seconds
  Import took 0.059187 seconds .

========================================================================
Received Import Request.
  Time since last request: 166.860789 seconds.
  path: Assets/VR Framework/FairyDustVR/Shaders/CloudShader.shadergraph
  artifactKey: Guid(84ed0ea4573fff142b81480654aab1ed) Importer(815301076,1909f56bfc062723c751e8b465ee728b)
Start importing Assets/VR Framework/FairyDustVR/Shaders/CloudShader.shadergraph using Guid(84ed0ea4573fff142b81480654aab1ed) Importer(815301076,1909f56bfc062723c751e8b465ee728b)  -> (artifact id: '169242532c1ea6fecb5a4221b250ed14') in 0.007084 seconds
  Import took 0.012377 seconds .

========================================================================
Received Import Request.
  Time since last request: 187.427741 seconds.
  path: Assets/VR Framework/FairyDustVR/Shaders/CloudMaterial.mat
  artifactKey: Guid(86809bd1b2703844d8ac39142798f48b) Importer(815301076,1909f56bfc062723c751e8b465ee728b)
Start importing Assets/VR Framework/FairyDustVR/Shaders/CloudMaterial.mat using Guid(86809bd1b2703844d8ac39142798f48b) Importer(815301076,1909f56bfc062723c751e8b465ee728b)  -> (artifact id: 'a403e1f030b93915ba69244c7057f641') in 0.163682 seconds
  Import took 0.172947 seconds .

========================================================================
Received Import Request.
  Time since last request: 461.701548 seconds.
  path: Assets/VR Framework/FairyDustVR/Shaders/CloudMaterial.mat
  artifactKey: Guid(86809bd1b2703844d8ac39142798f48b) Importer(815301076,1909f56bfc062723c751e8b465ee728b)
Start importing Assets/VR Framework/FairyDustVR/Shaders/CloudMaterial.mat using Guid(86809bd1b2703844d8ac39142798f48b) Importer(815301076,1909f56bfc062723c751e8b465ee728b)  -> (artifact id: 'd474df847bd3a796a29e54804a9a3f22') in 0.073700 seconds
  Import took 0.085077 seconds .

