Using pre-set license
Built from '2020.2/release' branch; Version is '2020.2.2f1 (068178b99f32) revision 426360'; Using compiler version '192528614'; Build Type 'Release'
OS: 'Windows 10 Pro; OS build 22000.318; Version 2009; 64bit' Language: 'en' Physical Memory: 32645 MB
BatchMode: 1, IsHumanControllingUs: 0, StartBugReporterOnCrash: 0, Is64bit: 1, IsPro: 0

 COMMAND LINE ARGUMENTS:
C:\Program Files\Unity\Hub\Editor\2020.2.2f1\Editor\Unity.exe
-adb2
-batchMode
-noUpm
-name
AssetImportWorker7
-projectPath
E:/OneDrive - TAFE NSW/VR GITHUB/FairyDustVR
-logFile
Logs/AssetImportWorker7.log
-srvPort
61819
Successfully changed project path to: E:/OneDrive - TAFE NSW/VR GITHUB/FairyDustVR
E:/OneDrive - TAFE NSW/VR GITHUB/FairyDustVR
Using Asset Import Pipeline V2.
Refreshing native plugins compatible for Editor in 67.23 ms, found 3 plugins.
Preloading 0 native plugins for Editor in 0.00 ms.
Initialize engine version: 2020.2.2f1 (068178b99f32)
[Subsystems] Discovering subsystems at path C:/Program Files/Unity/Hub/Editor/2020.2.2f1/Editor/Data/Resources/UnitySubsystems
[Subsystems] Discovering subsystems at path E:/OneDrive - TAFE NSW/VR GITHUB/FairyDustVR/Assets
GfxDevice: creating device client; threaded=0
Direct3D:
    Version:  Direct3D 11.0 [level 11.1]
    Renderer: NVIDIA GeForce RTX 2070 with Max-Q Design (ID=0x1f50)
    Vendor:   
    VRAM:     8031 MB
    Driver:   27.21.14.6280
Shader 'Universal Render Pipeline/Particles/Lit': fallback shader 'Universal Render Pipeline/Particles/SimpleLit' not found
Initialize mono
Mono path[0] = 'C:/Program Files/Unity/Hub/Editor/2020.2.2f1/Editor/Data/Managed'
Mono path[1] = 'C:/Program Files/Unity/Hub/Editor/2020.2.2f1/Editor/Data/MonoBleedingEdge/lib/mono/unityjit'
Mono config path = 'C:/Program Files/Unity/Hub/Editor/2020.2.2f1/Editor/Data/MonoBleedingEdge/etc'
Using monoOptions --debugger-agent=transport=dt_socket,embedding=1,server=y,suspend=n,address=127.0.0.1:56944
Begin MonoManager ReloadAssembly
Registering precompiled unity dll's ...
Register platform support module: C:/Program Files/Unity/Hub/Editor/2020.2.2f1/Editor/Data/PlaybackEngines/WindowsStandaloneSupport/UnityEditor.WindowsStandalone.Extensions.dll
Registered in 0.002001 seconds.
Native extension for WindowsStandalone target not found
Refreshing native plugins compatible for Editor in 148.86 ms, found 3 plugins.
Preloading 0 native plugins for Editor in 0.00 ms.
Invoked RoslynAnalysisRunner static constructor.
RoslynAnalysisRunner will not be running.
RoslynAnalysisRunner has terminated.
Mono: successfully reloaded assembly
- Completed reload, in  3.271 seconds
Platform modules already initialized, skipping
Registering precompiled user dll's ...
Registered in 0.007211 seconds.
Begin MonoManager ReloadAssembly
Native extension for WindowsStandalone target not found
Refreshing native plugins compatible for Editor in 110.20 ms, found 3 plugins.
Preloading 0 native plugins for Editor in 0.00 ms.
Invoked RoslynAnalysisRunner static constructor.
RoslynAnalysisRunner will not be running.
RoslynAnalysisRunner has terminated.
Mono: successfully reloaded assembly
- Completed reload, in  1.840 seconds
Platform modules already initialized, skipping
========================================================================
Worker process is ready to serve import requests
Shader 'Universal Render Pipeline/Particles/Lit': fallback shader 'Universal Render Pipeline/Particles/SimpleLit' not found
Launched and connected shader compiler UnityShaderCompiler.exe after 0.07 seconds
Refreshing native plugins compatible for Editor in 1.02 ms, found 3 plugins.
Preloading 0 native plugins for Editor in 0.00 ms.
Unloading 2741 Unused Serialized files (Serialized files now loaded: 0)
System memory in use before: 134.1 MB.
System memory in use after: 134.3 MB.

Unloading 13 unused Assets to reduce memory usage. Loaded Objects now: 3202.
Total: 4.040500 ms (FindLiveObjects: 0.481900 ms CreateObjectMapping: 0.389300 ms MarkObjects: 3.072800 ms  DeleteObjects: 0.094400 ms)

========================================================================
Received Import Request.
  path: Assets/VR Framework/FairyDustVR/Prefabs/ExampleSunset.prefab
  artifactKey: Guid(9b5af7d4b5baf8542a75009ad6617b00) Importer(815301076,1909f56bfc062723c751e8b465ee728b)
Start importing Assets/VR Framework/FairyDustVR/Prefabs/ExampleSunset.prefab using Guid(9b5af7d4b5baf8542a75009ad6617b00) Importer(815301076,1909f56bfc062723c751e8b465ee728b)  -> (artifact id: 'a95f31cb3f777aba16aa7069452fb57f') in 0.521800 seconds
  Import took 0.532357 seconds .

========================================================================
Received Import Request.
  Time since last request: 0.000214 seconds.
  path: Assets/VR Framework/FairyDustVR/Scenes/FairyCircle.unity
  artifactKey: Guid(09055e12359a61b489067b9a929b62e3) Importer(815301076,1909f56bfc062723c751e8b465ee728b)
Start importing Assets/VR Framework/FairyDustVR/Scenes/FairyCircle.unity using Guid(09055e12359a61b489067b9a929b62e3) Importer(815301076,1909f56bfc062723c751e8b465ee728b)  -> (artifact id: '56b3cb89bf17709d34742d768946837d') in 0.012268 seconds
  Import took 0.019164 seconds .

========================================================================
Received Import Request.
  Time since last request: 352.061101 seconds.
  path: Assets/_Packages/Painted HQ 2D Forest Medieval Background/day/cloud01.png
  artifactKey: Guid(d083d3f17cd7d0b4baedc62d855471c8) Importer(815301076,1909f56bfc062723c751e8b465ee728b)
Start importing Assets/_Packages/Painted HQ 2D Forest Medieval Background/day/cloud01.png using Guid(d083d3f17cd7d0b4baedc62d855471c8) Importer(815301076,1909f56bfc062723c751e8b465ee728b)  -> (artifact id: '77cbe8982493b5f495b6fd424c2cc564') in 0.361030 seconds
  Import took 0.368632 seconds .

========================================================================
Received Import Request.
  Time since last request: 0.000321 seconds.
  path: Assets/_Packages/Painted HQ 2D Forest Medieval Background/day/mountain02.png
  artifactKey: Guid(bf66f81ff5312b0468db46a55bc8b271) Importer(815301076,1909f56bfc062723c751e8b465ee728b)
Start importing Assets/_Packages/Painted HQ 2D Forest Medieval Background/day/mountain02.png using Guid(bf66f81ff5312b0468db46a55bc8b271) Importer(815301076,1909f56bfc062723c751e8b465ee728b)  -> (artifact id: '39c8e32332fddeee6bc7c43ebeba5794') in 0.038537 seconds
  Import took 0.046440 seconds .

========================================================================
Received Import Request.
  Time since last request: 0.000227 seconds.
  path: Assets/_Packages/Painted HQ 2D Forest Medieval Background/day/cloud02.png
  artifactKey: Guid(5f9e50fddcbd27747be4ff005e67979b) Importer(815301076,1909f56bfc062723c751e8b465ee728b)
Start importing Assets/_Packages/Painted HQ 2D Forest Medieval Background/day/cloud02.png using Guid(5f9e50fddcbd27747be4ff005e67979b) Importer(815301076,1909f56bfc062723c751e8b465ee728b)  -> (artifact id: '024a4a22c0ae5c9c609b374f5e55a3a3') in 0.027652 seconds
  Import took 0.040326 seconds .

========================================================================
Received Import Request.
  Time since last request: 0.000273 seconds.
  path: Assets/_Packages/Painted HQ 2D Forest Medieval Background/day/cloud03.png
  artifactKey: Guid(b2e7ab64fd7eb364ab7451d09f294367) Importer(815301076,1909f56bfc062723c751e8b465ee728b)
Start importing Assets/_Packages/Painted HQ 2D Forest Medieval Background/day/cloud03.png using Guid(b2e7ab64fd7eb364ab7451d09f294367) Importer(815301076,1909f56bfc062723c751e8b465ee728b)  -> (artifact id: '6dba1c9b91cf2228f71b36fc2568f26f') in 0.030587 seconds
  Import took 0.039910 seconds .

========================================================================
Received Import Request.
  Time since last request: 0.000231 seconds.
  path: Assets/_Packages/Painted HQ 2D Forest Medieval Background/day/mountain01.png
  artifactKey: Guid(63bd50a6c3fd26b439c10e599e94b853) Importer(815301076,1909f56bfc062723c751e8b465ee728b)
Start importing Assets/_Packages/Painted HQ 2D Forest Medieval Background/day/mountain01.png using Guid(63bd50a6c3fd26b439c10e599e94b853) Importer(815301076,1909f56bfc062723c751e8b465ee728b)  -> (artifact id: 'e7572a6d730391c4e07b9b929c08a900') in 0.062448 seconds
  Import took 0.070789 seconds .

========================================================================
Received Import Request.
  Time since last request: 0.000276 seconds.
  path: Assets/_Packages/Painted HQ 2D Forest Medieval Background/day/sky.png
  artifactKey: Guid(70e32caafad415e489dea7aa867977e0) Importer(815301076,1909f56bfc062723c751e8b465ee728b)
Start importing Assets/_Packages/Painted HQ 2D Forest Medieval Background/day/sky.png using Guid(70e32caafad415e489dea7aa867977e0) Importer(815301076,1909f56bfc062723c751e8b465ee728b)  -> (artifact id: 'bd27c58ab419099c066f1d576eae409d') in 0.037939 seconds
  Import took 0.046239 seconds .

========================================================================
Received Import Request.
  Time since last request: 120.197397 seconds.
  path: Assets/VR Framework/FairyDustVR/Models/Foliage1.mat
  artifactKey: Guid(bf9c3a5db25b9a74fabd151b65e395ef) Importer(815301076,1909f56bfc062723c751e8b465ee728b)
Start importing Assets/VR Framework/FairyDustVR/Models/Foliage1.mat using Guid(bf9c3a5db25b9a74fabd151b65e395ef) Importer(815301076,1909f56bfc062723c751e8b465ee728b)  -> (artifact id: 'f9294e07f7ea8b839bf99b715ff1bd57') in 0.090691 seconds
  Import took 0.097336 seconds .

========================================================================
Received Import Request.
  Time since last request: 0.000358 seconds.
  path: Assets/VR Framework/FairyDustVR/Models/TreeTrunk.mat
  artifactKey: Guid(25c39c2d17f3bd242bdedcbce15fdb18) Importer(815301076,1909f56bfc062723c751e8b465ee728b)
Start importing Assets/VR Framework/FairyDustVR/Models/TreeTrunk.mat using Guid(25c39c2d17f3bd242bdedcbce15fdb18) Importer(815301076,1909f56bfc062723c751e8b465ee728b)  -> (artifact id: '451e4f01e0b1f218d268ecbf6e5fa906') in 0.121171 seconds
  Import took 0.128714 seconds .

========================================================================
Received Import Request.
  Time since last request: 0.000386 seconds.
  path: Assets/VR Framework/FairyDustVR/Models/Foliage1.mat
  artifactKey: Guid(bf9c3a5db25b9a74fabd151b65e395ef) Importer(815301076,1909f56bfc062723c751e8b465ee728b)
Start importing Assets/VR Framework/FairyDustVR/Models/Foliage1.mat using Guid(bf9c3a5db25b9a74fabd151b65e395ef) Importer(815301076,1909f56bfc062723c751e8b465ee728b)  -> (artifact id: 'f9294e07f7ea8b839bf99b715ff1bd57') in 0.020249 seconds
  Import took 0.030383 seconds .

========================================================================
Received Import Request.
  Time since last request: 0.000399 seconds.
  path: Assets/VR Framework/FairyDustVR/Models/TreeTrunk.mat
  artifactKey: Guid(25c39c2d17f3bd242bdedcbce15fdb18) Importer(815301076,1909f56bfc062723c751e8b465ee728b)
Start importing Assets/VR Framework/FairyDustVR/Models/TreeTrunk.mat using Guid(25c39c2d17f3bd242bdedcbce15fdb18) Importer(815301076,1909f56bfc062723c751e8b465ee728b)  -> (artifact id: '451e4f01e0b1f218d268ecbf6e5fa906') in 0.019676 seconds
  Import took 0.025845 seconds .

========================================================================
Received Import Request.
  Time since last request: 28.936733 seconds.
  path: Assets/VR Framework/FairyDustVR/Models/Foliage1.mat
  artifactKey: Guid(bf9c3a5db25b9a74fabd151b65e395ef) Importer(815301076,1909f56bfc062723c751e8b465ee728b)
Start importing Assets/VR Framework/FairyDustVR/Models/Foliage1.mat using Guid(bf9c3a5db25b9a74fabd151b65e395ef) Importer(815301076,1909f56bfc062723c751e8b465ee728b)  -> (artifact id: '76d1445dcd605f78a76ab1db2d187c86') in 0.025347 seconds
  Import took 0.033048 seconds .

========================================================================
Received Import Request.
  Time since last request: 0.000279 seconds.
  path: Assets/VR Framework/FairyDustVR/Models/Foliage2.mat
  artifactKey: Guid(e15435e8a9939ae4e94785f20a8e7f2a) Importer(815301076,1909f56bfc062723c751e8b465ee728b)
Start importing Assets/VR Framework/FairyDustVR/Models/Foliage2.mat using Guid(e15435e8a9939ae4e94785f20a8e7f2a) Importer(815301076,1909f56bfc062723c751e8b465ee728b)  -> (artifact id: '06c1cc5d473a23cfa1ae4b815262c9c7') in 0.024236 seconds
  Import took 0.029664 seconds .

========================================================================
Received Import Request.
  Time since last request: 0.000222 seconds.
  path: Assets/VR Framework/FairyDustVR/Models/Foliage3.mat
  artifactKey: Guid(88715271b783aec4389bda99cac98f11) Importer(815301076,1909f56bfc062723c751e8b465ee728b)
Start importing Assets/VR Framework/FairyDustVR/Models/Foliage3.mat using Guid(88715271b783aec4389bda99cac98f11) Importer(815301076,1909f56bfc062723c751e8b465ee728b)  -> (artifact id: '802931d22adfe461101e2976d9712f95') in 0.050304 seconds
  Import took 0.057159 seconds .

========================================================================
Received Import Request.
  Time since last request: 0.000248 seconds.
  path: Assets/VR Framework/FairyDustVR/Models/TreeTrunk.mat
  artifactKey: Guid(25c39c2d17f3bd242bdedcbce15fdb18) Importer(815301076,1909f56bfc062723c751e8b465ee728b)
Start importing Assets/VR Framework/FairyDustVR/Models/TreeTrunk.mat using Guid(25c39c2d17f3bd242bdedcbce15fdb18) Importer(815301076,1909f56bfc062723c751e8b465ee728b)  -> (artifact id: '6232a25e8fe7c24760bbd91c24505695') in 0.041619 seconds
  Import took 0.048166 seconds .

========================================================================
Received Prepare
Registering precompiled user dll's ...
Registered in 0.090714 seconds.
Begin MonoManager ReloadAssembly
Native extension for WindowsStandalone target not found
Refreshing native plugins compatible for Editor in 1.25 ms, found 3 plugins.
Preloading 0 native plugins for Editor in 0.00 ms.
Invoked RoslynAnalysisRunner static constructor.
RoslynAnalysisRunner will not be running.
RoslynAnalysisRunner has terminated.
Mono: successfully reloaded assembly
- Completed reload, in  2.504 seconds
Platform modules already initialized, skipping
Shader 'Universal Render Pipeline/Particles/Lit': fallback shader 'Universal Render Pipeline/Particles/SimpleLit' not found
Refreshing native plugins compatible for Editor in 1.01 ms, found 3 plugins.
Preloading 0 native plugins for Editor in 0.00 ms.
Unloading 2610 Unused Serialized files (Serialized files now loaded: 0)
System memory in use before: 133.1 MB.
System memory in use after: 133.3 MB.

Unloading 8 unused Assets to reduce memory usage. Loaded Objects now: 3296.
Total: 4.489900 ms (FindLiveObjects: 0.674200 ms CreateObjectMapping: 0.221700 ms MarkObjects: 3.559400 ms  DeleteObjects: 0.032500 ms)

========================================================================
Received Prepare
Registering precompiled user dll's ...
Registered in 0.008552 seconds.
Begin MonoManager ReloadAssembly
Native extension for WindowsStandalone target not found
Refreshing native plugins compatible for Editor in 1.03 ms, found 3 plugins.
Preloading 0 native plugins for Editor in 0.00 ms.
Invoked RoslynAnalysisRunner static constructor.
RoslynAnalysisRunner will not be running.
RoslynAnalysisRunner has terminated.
Mono: successfully reloaded assembly
- Completed reload, in  2.832 seconds
Platform modules already initialized, skipping
Shader 'Universal Render Pipeline/Particles/Lit': fallback shader 'Universal Render Pipeline/Particles/SimpleLit' not found
Refreshing native plugins compatible for Editor in 1.11 ms, found 3 plugins.
Preloading 0 native plugins for Editor in 0.00 ms.
Unloading 2610 Unused Serialized files (Serialized files now loaded: 0)
System memory in use before: 133.4 MB.
System memory in use after: 133.7 MB.

Unloading 8 unused Assets to reduce memory usage. Loaded Objects now: 3299.
Total: 4.891000 ms (FindLiveObjects: 0.665400 ms CreateObjectMapping: 0.323500 ms MarkObjects: 3.863500 ms  DeleteObjects: 0.035500 ms)

========================================================================
Received Prepare
Registering precompiled user dll's ...
Registered in 0.004851 seconds.
Begin MonoManager ReloadAssembly
Native extension for WindowsStandalone target not found
Refreshing native plugins compatible for Editor in 1.29 ms, found 3 plugins.
Preloading 0 native plugins for Editor in 0.00 ms.
Invoked RoslynAnalysisRunner static constructor.
RoslynAnalysisRunner will not be running.
RoslynAnalysisRunner has terminated.
Mono: successfully reloaded assembly
- Completed reload, in  2.040 seconds
Platform modules already initialized, skipping
Shader 'Universal Render Pipeline/Particles/Lit': fallback shader 'Universal Render Pipeline/Particles/SimpleLit' not found
Refreshing native plugins compatible for Editor in 14.97 ms, found 3 plugins.
Preloading 0 native plugins for Editor in 0.00 ms.
Unloading 2610 Unused Serialized files (Serialized files now loaded: 0)
System memory in use before: 133.6 MB.
System memory in use after: 133.8 MB.

Unloading 8 unused Assets to reduce memory usage. Loaded Objects now: 3302.
Total: 4.983600 ms (FindLiveObjects: 0.779500 ms CreateObjectMapping: 0.525700 ms MarkObjects: 3.634800 ms  DeleteObjects: 0.040800 ms)

========================================================================
Received Prepare
Registering precompiled user dll's ...
Registered in 0.006065 seconds.
Begin MonoManager ReloadAssembly
Native extension for WindowsStandalone target not found
Refreshing native plugins compatible for Editor in 1.42 ms, found 3 plugins.
Preloading 0 native plugins for Editor in 0.00 ms.
Invoked RoslynAnalysisRunner static constructor.
RoslynAnalysisRunner will not be running.
RoslynAnalysisRunner has terminated.
Mono: successfully reloaded assembly
- Completed reload, in  2.702 seconds
Platform modules already initialized, skipping
Shader 'Universal Render Pipeline/Particles/Lit': fallback shader 'Universal Render Pipeline/Particles/SimpleLit' not found
Refreshing native plugins compatible for Editor in 0.80 ms, found 3 plugins.
Preloading 0 native plugins for Editor in 0.00 ms.
Unloading 2610 Unused Serialized files (Serialized files now loaded: 0)
System memory in use before: 133.5 MB.
System memory in use after: 133.7 MB.

Unloading 8 unused Assets to reduce memory usage. Loaded Objects now: 3305.
Total: 5.152600 ms (FindLiveObjects: 0.505200 ms CreateObjectMapping: 0.290200 ms MarkObjects: 4.218900 ms  DeleteObjects: 0.136400 ms)

